<?xml version="1.0" encoding="UTF-8"?>
<!-- Generated by org.testng.reporters.JUnitReportReporter -->
<testsuite hostname="L-HDCDCD63X2" name="TestNG_Demo" tests="1" failures="0" timestamp="24 Jul 2019 06:53:18 GMT" time="6.473" errors="0">
  <testcase name="googleSearch" time="6.473" classname="TestNG_Demo"/>
</testsuite> <!-- TestNG_Demo -->
